uitests/build/intermediates/manifest_merge_blame_file/debug/manifest-merger-blame-debug-report.txt
1<?xml version="1.0" encoding="utf-8"?>
2<manifest xmlns:android="http://schemas.android.com/apk/res/android"
3    package="com.codewif.testing.uitests"
4    android:versionCode="1"
5    android:versionName="1.0" >
6
7    <uses-sdk
8        android:minSdkVersion="19"
8-->src/main/AndroidManifest.xml
9        android:targetSdkVersion="29" />
9-->src/main/AndroidManifest.xml
10
11    <uses-permission android:name="android.permission.READ_EXTERNAL_STORAGE" />
11-->[:framework] AndroidManifest.xml:11:5-80
11-->[:framework] AndroidManifest.xml:11:22-77
12    <uses-permission android:name="android.permission.WRITE_EXTERNAL_STORAGE" />
12-->[:framework] AndroidManifest.xml:12:5-81
12-->[:framework] AndroidManifest.xml:12:22-78
13
14    <application
14-->src/main/AndroidManifest.xml:5:5-19:19
15        android:name="com.codewif.shared.App"
15-->[:framework] AndroidManifest.xml:14:18-55
16        android:allowBackup="true"
16-->src/main/AndroidManifest.xml:6:9-35
17        android:appComponentFactory="androidx.core.app.CoreComponentFactory"
17-->[androidx.core:core:1.1.0] AndroidManifest.xml:24:18-86
18        android:debuggable="true"
19        android:icon="@mipmap/ic_launcher"
19-->src/main/AndroidManifest.xml:7:9-43
20        android:label="@string/app_name"
20-->src/main/AndroidManifest.xml:8:9-41
21        android:roundIcon="@mipmap/ic_launcher_round"
21-->src/main/AndroidManifest.xml:9:9-54
22        android:supportsRtl="true"
22-->src/main/AndroidManifest.xml:10:9-35
23        android:testOnly="true"
24        android:theme="@style/AppTheme" >
24-->src/main/AndroidManifest.xml:11:9-40
25        <activity android:name="com.codewif.testing.uitests.MainActivity" >
25-->src/main/AndroidManifest.xml:12:9-18:20
25-->src/main/AndroidManifest.xml:12:19-47
26            <intent-filter>
26-->src/main/AndroidManifest.xml:13:13-17:29
27                <action android:name="android.intent.action.MAIN" />
27-->src/main/AndroidManifest.xml:14:17-69
27-->src/main/AndroidManifest.xml:14:25-66
28
29                <category android:name="android.intent.category.LAUNCHER" />
29-->src/main/AndroidManifest.xml:16:17-77
29-->src/main/AndroidManifest.xml:16:27-74
30            </intent-filter>
31        </activity>
32        <activity
32-->[:framework] AndroidManifest.xml:15:9-19:60
33            android:name="com.codewif.framework.ui.main.CodewifMainActivity"
33-->[:framework] AndroidManifest.xml:16:13-77
34            android:icon="@drawable/cw_ic_codewif"
34-->[:framework] AndroidManifest.xml:17:13-51
35            android:launchMode="singleInstance"
35-->[:framework] AndroidManifest.xml:18:13-48
36            android:theme="@style/AppTheme.CodewifTheme" />
36-->[:framework] AndroidManifest.xml:19:13-57
37
38        <provider
38-->[io.coil-kt:coil:0.9.1] AndroidManifest.xml:10:9-13:40
39            android:name="coil.util.CoilContentProvider"
39-->[io.coil-kt:coil:0.9.1] AndroidManifest.xml:11:13-57
40            android:authorities="com.codewif.testing.uitests.coil"
40-->[io.coil-kt:coil:0.9.1] AndroidManifest.xml:12:13-56
41            android:exported="false" />
41-->[io.coil-kt:coil:0.9.1] AndroidManifest.xml:13:13-37
42        <provider
42-->[androidx.lifecycle:lifecycle-process:2.2.0-rc03] AndroidManifest.xml:25:9-29:43
43            android:name="androidx.lifecycle.ProcessLifecycleOwnerInitializer"
43-->[androidx.lifecycle:lifecycle-process:2.2.0-rc03] AndroidManifest.xml:26:13-79
44            android:authorities="com.codewif.testing.uitests.lifecycle-process"
44-->[androidx.lifecycle:lifecycle-process:2.2.0-rc03] AndroidManifest.xml:27:13-69
45            android:exported="false"
45-->[androidx.lifecycle:lifecycle-process:2.2.0-rc03] AndroidManifest.xml:28:13-37
46            android:multiprocess="true" />
46-->[androidx.lifecycle:lifecycle-process:2.2.0-rc03] AndroidManifest.xml:29:13-40
47    </application>
48
49</manifest>